Atessa	
Avezzano	
Campli	
Castel di Sangro	
Celano	
Chieti	
Fossacesia	
Giulianova	
L'Aquila	
Lanciano	
Manoppello	
Montesilvano	
Pescara	
Pianella	
Popoli	
San Salvo	
Scurcola Marsicana	
Spoltore	
Sulmona	
Tagliacozzo	
Teramo	
Chieti	
Avigliano	
Bernalda	
Ferrandina	
Irsina	
Lavello	
Maratea	
Matera	
Melfi	
Montescaglioso	
Muro 
Pisticci	
Policoro	
Potenza	
Rionero 
Tricarico	
Tursi	
Tito	
Venosa	
Acri	
Amantea	
Bisignano	
Castrovillari	
Catanzaro	
Corigliano 
Cosenza	
Crotone	
Cutro	
Gerace	
Gioia 
Lamezia 
Locri	
Nicotera	
Palmi	
Reggio Calabria
Petilia Policastro	
Rogliano	
Rosarno	
Rossano	
Soverato	
Soveria Mannelli	
Squillace	
Terranova Sappo Minulio	
Vibo Valentia	
Villa San Giovanni	
Acerra	
Afragola	
Agropoli	
Alife	
Amalfi	
Apollosa	
Ariano Irpino	
Arzano	
Avellino	
Aversa	
Battipaglia	
Bellona	
Benevento	
Buonalbergo		
Capri	
Capua	
Caserta	
Castel Volturno	
Cava de' Tirreni	
Cervinara	
Contursi Terme	
Eboli	
Ercolano	
Fisciano	
Foglianise	
Frattamaggiore	
Giffoni Valle Piana	
Giugliano in Campania	
Giugliano
Grumo Nevano	
Marano di Napoli	
Marano
Marcianise	
Marigliano	
Mignano Monte Lungo	
Mignano
Mirabella Eclano	
Moiano	
Molinara	
Mondragone	
Montesarchio	
Napoli	
Nocera Superiore	
Nocera
Nola	
Pannarano	
Piano di Sorrento	
Sorrento
Pomigliano d'Arco	
Pompei
Portici
Qualiano
Roccadaspide
Roccarainola
Sala Consilina
Salerno
Sant'Agata de' Goti
Sapri
Saviano
Scafati
Scisciano
Solofra
Teggiano
Telese Terme
Torre Annunziata
Torre del Greco
Venticano
Vico Equense
Bobbio
Bologna
Bondeno
Busseto
Carpi
Castelfranco Emilia
Castel Maggiore
Castel San Pietro Terme
Castelnovo di Sotto
Cento 
Cesena
Correggio
Crevalcore
Ferrara
Fidenza
Fiorano
Fiorenzuola d'Arda
Fiorenzuola
Forlì
Granarolo dell'Emilia
Guastalla
Imola
Maranello
Massa Lombarda
Meldola
Mirandola
Modena
Modigliana
Montecchio Emilia
Novellara
Parma
Piacenza
Predappio
Ravenna
Reggio Emilia
Riccione
Rimini
Riolo Terme
Russi
Salsomaggiore Terme
San Giovanni in Persiceto
Sasso Marconi
Sassuolo
Vignola

Casarsa della Delizia
Cervignano del Friuli
Cividale del Friuli
Codroipo
Cordenons
Cormons
Gemona del Friuli
Gorizia
Gradisca d'Isonzo
Grado 
Latisana
Lignano Sabbiadoro
Maniago
Monfalcone
Palmanova
Porcia
Pordenone
Sacile
San Daniele del Friuli
Spilimbergo
Tarcento
Tolmezzo
Trieste
Udine
Alvito 
Anguillara Sabazia
Arpino
Castel Gandolfo
Ceccano
Ceprano
Ciampino
Civitavecchia
Cori
Fondi
Formia
Frascati
Ferentino
Frosinone
Gaeta
Genzano di Roma
Guidonia Montecelio
Ladispoli
Latina
Marino 
Monte Porzio Catone
Monterotondo		
Nettuno 
Piedimonte San Germano
Pomezia	
Priverno		
Rieti
Roma
Santa Marinella
Sezze
Tarquinia
Terracina
Tuscania
Velletri
Viterbo
Albenga
Albisola Superiore
Cairo Montenotte
Camogli
Camporosso
Chiavari
Finale Ligure
Genova
Imperia
Lavagna
La Spezia
Lerici
Rapallo
Recco
Sanremo
Sarzana
Savona
Varazze
Ventimiglia
Abbiategrasso
Albino
Alzano Lombardo
Angera
Appiano Gentile
Arese
Asola
Belgioioso
Bergamo
Besana in Brianza
Bollate
Brescia
Brugherio
Busto Arsizio
Calolziocorte
Capriate San Gervasio
Città di Caravaggio
Caravaggio	
Casalmaggiore
Casalpusterlengo
Casorate Primo
Cassano Magnago
Castano Primo
Casteggio
Castel Goffredo
Castellanza
Castelleone
Castiglione delle Stiviere
Cernobbio	
Cernusco sul Naviglio
Cesano Maderno
Chiari
Cinisello Balsamo
Codogno
Cologno Monzese
Como
Concorezzo
Corbetta
Corsico
Crema 
Cremona
Curtatone
Dalmine
Darfo Boario Terme
Desenzano del Garda
Desio
Erba
Gallarate
Garbagnate Milanese
Gardone Val Trompia
Ghedi
Giussano
Gorgonzola 
Lainate
Lecco
Legnano
Lissone
Lodi
Lodi Vecchio
Lonato del Garda
Luino
Lurate Caccivio
Magenta 
Mantova
Manerbio
Mariano 
Martinengo
Meda
Melegnano
Melzo
Merate
Milano	
Montichiari
Monza
Morbegno
Mortara
Muggiò
Novate Milanese
Olgiate Comasco
Orio al Serio
Paderno Dugnano
Palazzolo sull'Oglio
Parabiago
Paullo
Pavia
Peschiera Borromeo
Pioltello
Pontida
Rho
Rozzano
Romano di Lombardia
Salò
Samarate
San Donato Milanese
San Giuliano Milanese
San Martino Siccomario
Sant'Angelo Lodigiano
Saronno
Segrate
Seregno
Seriate
Sesto Calende
Sesto San Giovanni
Seveso
Somma Lombardo
Soncino
Sondrio
Soresina
Sotto il Monte Giovanni XXIII
Stradella
Suzzara
Tradate
Travagliato
Treviglio
Trezzo sull'Adda
Varese
Varedo
Valmadrera
Vigevano
Vimercate
Voghera
Ancona
Ascoli Piceno
Camerino
Castelplanio
Corridonia
Fabriano
Fermo
Grottammare
Macerata
Matelica
Montalto delle Marche
Montecassiano
Osimo
Ostra
Porto Recanati
Porto Sant'Elpidio
Pergola
Pesaro
Recanati
Ripatransone
San Benedetto del Tronto
San Severino Marche
Senigallia
Tolentino
Treia
Urbino
Bojano
Campobasso città rosso
Campobasso	
Isernia
Larino
Riccia
Venafro
Acqui Terme
Alba 
Alessandria
Arona
Asti
Avigliana	
Biella
Borgaro Torinese
Borgomanero
Boves
Bra
Busca
Candelo	Biella	
Canelli
Cannobio
Carignano
Carmagnola
Casale Monferrato
Caselle Torinese
Castellamonte
Cavallermaggiore
Ceva
Chieri
Chivasso
Cirié
Collegno
Cuneo
Domodossola
Fossano
Garessio
Gravellona Toce
Ivrea
Lanzo Torinese
Moncalieri
Moncalvo
Mondovì
Nichelino
Nizza Monferrato
Novara
Novi Ligure
Oleggio
Omegna
Orbassano
Ormea
Ovada
Pinerolo
Piossasco
Racconigi
Rivarolo Canavese
Saluzzo
San Mauro Torinese
San Salvatore Monferrato
Santena
Savigliano
Settimo Torinese
Stresa
Susa
Torino
Tortona
Trecate]
Venaria Reale
Verbania
Vercelli
Villadossola
Alessano
Altamura
Andria
Apricena
Ascoli Satriano
Bari
Barletta
Bitetto
Bitonto
Brindisi
Campi Salentina
Canosa di Puglia
Casarano
Ceglie Messapica
Cerignola
Conversano
Fasano
Foggia
Francavilla Fontana
Galatina
Galatone
Ginosa
Grottaglie
Grumo Appula
Lecce
Latiano
Lucera
Maglie
Manfredonia
Massafra
Martina Franca
Matino
Melendugno
Mesagne
Miggiano
Modugno
Molfetta
Monopoli
Monteroni di Lecce
Muro Leccese
Nardò
Oria
Ostuni
Otranto
Poggiardo
Racale
Rodi Garganico
San Marco in Lamis
San Severo
Santa Cesarea Terme
San Vito dei Normanni
Squinzano
Taranto
Taurisano
Taviano
Trani
Trinitapoli
Ugento
Vernole
Alghero
Bosa
Cagliari
Carbonia
Castelsardo
Iglesias
Ittiri
Lanusei
Macomer
Nuoro
Olbia
Oristano
Ozieri
Quartu Sant'Elena
Sassari
Siniscola
Sorso
Tempio Pausania
Tortolì
Acireale
Agrigento
Barcellona Pozzo di Gotto
Bivona
Caltagirone
Caltanissetta
Canicattì
Carini
Castelvetrano
Catania
Cefalu
Cefalù
Enna
Ispica
Lentini
Marsala
Mazara del Vallo
Messina
Milazzo
Mistretta
Mineo
Modica
Monreale
Naro
Pachino
Palermo
Paternò
Patti
Piazza Armerina
Porto Empedocle
Ragusa
San Cataldo 
San Cataldo	Caltanissetta
Siracusa
Sciacca
Taormina
Trapani
Arezzo
Aulla
Barga
Camaiore
Carrara
Castelnuovo di Garfagnana
Chiusi
Colle di Val d'Elsa
Castiglion Fiorentino
Cortona
Fiesole
Firenze
Fivizzano
Follonica
Grosseto
Livorno
Lucca
Massa 
Massa e Carrara	
Massa Marittima
Montecatini Terme
Monte San Savino
Montevarchi
Montepulciano
Orbetello
Pescia
Pietrasanta
Piombino
Pisa
Pistoia
Pontedera
Pontremoli
Prato
Sansepolcro
Seravezza
Siena
Viareggio
Villafranca in Lunigiana
Volterra
Arco
Bolzano
Bressanone
Brunico
Klausen Suedtirol 
Chiusa	
Glorenza
Laives
Levico Terme
Merano
Pergine Valsugana
Riva del Garda
Rovereto
Trento
Vipiteno
Amelia 
Assisi
Città della Pieve
Foligno
Gualdo Tadino
Gubbio
Narni
Orvieto
Perugia
Terni
Todi
Aosta
Adria
Albignasego
Arzignano
Asolo
Badia Polesine
Bassano del Grappa
Belluno
Bovolone
Campodarsego
Camposampiero
Castelfranco Veneto
Cerea
Chioggia
Cittadella 
Cologna Veneta
Conegliano
Eraclea
Este 
Feltre
Jesolo
Lendinara
Lonigo
Marostica
Mestre
Mirano
Mogliano Veneto
Montagnana
Montebelluna
Montegrotto Terme
Motta di Livenza
Oderzo
Oppeano
Padova
Piove di Sacco
Portogruaro
Porto Viro
Roncade
Rovigo
San Donà di Piave
San Martino di Lupari
Schio
Treviso
Valdagno
Venezia
Verona
Vicenza
Villafranca di Verona
Villorba
Vittorio Veneto
Cassino

Bagno a Ripoli      
Barberino di Mugello
Barberino Val d'Elsa
Borgo San Lorenzo
Calenzano
Campi Bisenzio
Capraia e Limite
Castelfiorentino
Cerreto Guidi
Certaldo
Dicomano
Empoli
Fiesole
Figline Valdarno
Firenze
Firenzuola
Fucecchio     
Gambassi Terme      
Greve in Chianti
Impruneta
Incisa in Val d'Arno
Lastra a Signa
Londa
Marradi
Montaione
Montelupo Fiorentino
Montespertoli
Palazzuolo sul Senio
Pelago
Pontassieve
Reggello
Rignano sull'Arno
Rufina
San Casciano in Val di Pesa
San Godenzo
San Piero a Sieve
Scandicci
Scarperia
Sesto Fiorentino
Signa
Tavarnelle Val di Pesa
Vaglia
Vicchio 
Vinci

ATESSA	
AVEZZANO	
CAMPLI	
CASTEL DI SANGRO	
CELANO	
CHIETI	
FOSSACESIA	
GIULIANOVA	
L'AQUILA	
LANCIANO	
MANOPPELLO	
MONTESILVANO	
PESCARA	
PIANELLA	
POPOLI	
SAN SALVO	
SCURCOLA MARSICANA	
SPOLTORE	
SULMONA	
TAGLIACOZZO	
TERAMO	
CHIETI	
AVIGLIANO	
BERNALDA	
FERRANDINA	
IRSINA	
LAVELLO	
MARATEA	
MATERA	
MELFI	
MONTESCAGLIOSO	
MURO 
PISTICCI	
POLICORO	
POTENZA	
RIONERO 
TRICARICO	
TURSI	
TITO	
VENOSA	
ACRI	
AMANTEA	
BISIGNANO	
CASTROVILLARI	
CATANZARO	
CORIGLIANO 
COSENZA	
CROTONE	
CUTRO	
GERACE	
GIOIA 
LAMEZIA 
LOCRI	
NICOTERA	
PALMI	
REGGIO CALABRIA
PETILIA POLICASTRO	
ROGLIANO	
ROSARNO	
ROSSANO	
SOVERATO	
SOVERIA MANNELLI	
SQUILLACE	
TERRANOVA SAPPO MINULIO	
VIBO VALENTIA	
VILLA SAN GIOVANNI	
ACERRA	
AFRAGOLA	
AGROPOLI	
ALIFE	
AMALFI	
APOLLOSA	
ARIANO IRPINO	
ARZANO	
AVELLINO	
AVERSA	
BATTIPAGLIA	
BELLONA	
BENEVENTO	
BUONALBERGO		
CAPRI	
CAPUA	
CASERTA	
CASTEL VOLTURNO	
CAVA DE' TIRRENI	
CERVINARA	
CONTURSI TERME	
EBOLI	
ERCOLANO	
FISCIANO	
FOGLIANISE	
FRATTAMAGGIORE	
GIFFONI VALLE PIANA	
GIUGLIANO IN CAMPANIA	
GIUGLIANO
GRUMO NEVANO	
MARANO DI NAPOLI	
MARANO
MARCIANISE	
MARIGLIANO	
MIGNANO MONTE LUNGO	
MIGNANO
MIRABELLA ECLANO	
MOIANO	
MOLINARA	
MONDRAGONE	
MONTESARCHIO	
NAPOLI	
NOCERA SUPERIORE	
NOCERA
NOLA	
PANNARANO	
PIANO DI SORRENTO	
SORRENTO
POMIGLIANO D'ARCO	
POMPEI
PORTICI
QUALIANO
ROCCADASPIDE
ROCCARAINOLA
SALA CONSILINA
SALERNO
SANT'AGATA DE' GOTI
SAPRI
SAVIANO
SCAFATI
SCISCIANO
SOLOFRA
TEGGIANO
TELESE TERME
TORRE ANNUNZIATA
TORRE DEL GRECO
VENTICANO
VICO EQUENSE
BOBBIO
BOLOGNA
BONDENO
BUSSETO
CARPI
CASTELFRANCO EMILIA
CASTEL MAGGIORE
CASTEL SAN PIETRO TERME
CASTELNOVO DI SOTTO
CENTO 
CESENA
CORREGGIO
CREVALCORE
FERRARA
FIDENZA
FIORANO
FIORENZUOLA D'ARDA
FIORENZUOLA
FORLÌ
GRANAROLO DELL'EMILIA
GUASTALLA
IMOLA
MARANELLO
MASSA LOMBARDA
MELDOLA
MIRANDOLA
MODENA
MODIGLIANA
MONTECCHIO EMILIA
NOVELLARA
PARMA
PIACENZA
PREDAPPIO
RAVENNA
REGGIO EMILIA
RICCIONE
RIMINI
RIOLO TERME
RUSSI
SALSOMAGGIORE TERME
SAN GIOVANNI IN PERSICETO
SASSO MARCONI
SASSUOLO
VIGNOLA

CASARSA DELLA DELIZIA
CERVIGNANO DEL FRIULI
CIVIDALE DEL FRIULI
CODROIPO
CORDENONS
CORMONS
GEMONA DEL FRIULI
GORIZIA
GRADISCA D'ISONZO
GRADO 
LATISANA
LIGNANO SABBIADORO
MANIAGO
MONFALCONE
PALMANOVA
PORCIA
PORDENONE
SACILE
SAN DANIELE DEL FRIULI
SPILIMBERGO
TARCENTO
TOLMEZZO
TRIESTE
UDINE
ALVITO 
ANGUILLARA SABAZIA
ARPINO
CASTEL GANDOLFO
CECCANO
CEPRANO
CIAMPINO
CIVITAVECCHIA
CORI
FONDI
FORMIA
FRASCATI
FERENTINO
FROSINONE
GAETA
GENZANO DI ROMA
GUIDONIA MONTECELIO
LADISPOLI
LATINA
MARINO 
MONTE PORZIO CATONE
MONTEROTONDO		
NETTUNO 
PIEDIMONTE SAN GERMANO
POMEZIA	
PRIVERNO		
RIETI
ROMA
SANTA MARINELLA
SEZZE
TARQUINIA
TERRACINA
TUSCANIA
VELLETRI
VITERBO
ALBENGA
ALBISOLA SUPERIORE
CAIRO MONTENOTTE
CAMOGLI
CAMPOROSSO
CHIAVARI
FINALE LIGURE
GENOVA
IMPERIA
LAVAGNA
LA SPEZIA
LERICI
RAPALLO
RECCO
SANREMO
SARZANA
SAVONA
VARAZZE
VENTIMIGLIA
ABBIATEGRASSO
ALBINO
ALZANO LOMBARDO
ANGERA
APPIANO GENTILE
ARESE
ASOLA
BELGIOIOSO
BERGAMO
BESANA IN BRIANZA
BOLLATE
BRESCIA
BRUGHERIO
BUSTO ARSIZIO
CALOLZIOCORTE
CAPRIATE SAN GERVASIO
CITTÀ DI CARAVAGGIO
CARAVAGGIO	
CASALMAGGIORE
CASALPUSTERLENGO
CASORATE PRIMO
CASSANO MAGNAGO
CASTANO PRIMO
CASTEGGIO
CASTEL GOFFREDO
CASTELLANZA
CASTELLEONE
CASTIGLIONE DELLE STIVIERE
CERNOBBIO	
CERNUSCO SUL NAVIGLIO
CESANO MADERNO
CHIARI
CINISELLO BALSAMO
CODOGNO
COLOGNO MONZESE
COMO
CONCOREZZO
CORBETTA
CORSICO
CREMA 
CREMONA
CURTATONE
DALMINE
DARFO BOARIO TERME
DESENZANO DEL GARDA
DESIO
ERBA
GALLARATE
GARBAGNATE MILANESE
GARDONE VAL TROMPIA
GHEDI
GIUSSANO
GORGONZOLA 
LAINATE
LECCO
LEGNANO
LISSONE
LODI
LODI VECCHIO
LONATO DEL GARDA
LUINO
LURATE CACCIVIO
MAGENTA 
MANTOVA
MANERBIO
MARIANO 
MARTINENGO
MEDA
MELEGNANO
MELZO
MERATE
MILANO	
MONTICHIARI
MONZA
MORBEGNO
MORTARA
MUGGIÒ
NOVATE MILANESE
OLGIATE COMASCO
ORIO AL SERIO
PADERNO DUGNANO
PALAZZOLO SULL'OGLIO
PARABIAGO
PAULLO
PAVIA
PESCHIERA BORROMEO
PIOLTELLO
PONTIDA
RHO
ROZZANO
ROMANO DI LOMBARDIA
SALÒ
SAMARATE
SAN DONATO MILANESE
SAN GIULIANO MILANESE
SAN MARTINO SICCOMARIO
SANT'ANGELO LODIGIANO
SARONNO
SEGRATE
SEREGNO
SERIATE
SESTO CALENDE
SESTO SAN GIOVANNI
SEVESO
SOMMA LOMBARDO
SONCINO
SONDRIO
SORESINA
SOTTO IL MONTE GIOVANNI XXIII
STRADELLA
SUZZARA
TRADATE
TRAVAGLIATO
TREVIGLIO
TREZZO SULL'ADDA
VARESE
VAREDO
VALMADRERA
VIGEVANO
VIMERCATE
VOGHERA
ANCONA
ASCOLI PICENO
CAMERINO
CASTELPLANIO
CORRIDONIA
FABRIANO
FERMO
GROTTAMMARE
MACERATA
MATELICA
MONTALTO DELLE MARCHE
MONTECASSIANO
OSIMO
OSTRA
PORTO RECANATI
PORTO SANT'ELPIDIO
PERGOLA
PESARO
RECANATI
RIPATRANSONE
SAN BENEDETTO DEL TRONTO
SAN SEVERINO MARCHE
SENIGALLIA
TOLENTINO
TREIA
URBINO
BOJANO
CAMPOBASSO CITTÀ ROSSO
CAMPOBASSO	
ISERNIA
LARINO
RICCIA
VENAFRO
ACQUI TERME
ALBA 
ALESSANDRIA
ARONA
ASTI
AVIGLIANA	
BIELLA
BORGARO TORINESE
BORGOMANERO
BOVES
BRA
BUSCA
CANDELO	BIELLA	
CANELLI
CANNOBIO
CARIGNANO
CARMAGNOLA
CASALE MONFERRATO
CASELLE TORINESE
CASTELLAMONTE
CAVALLERMAGGIORE
CEVA
CHIERI
CHIVASSO
CIRIÉ
COLLEGNO
CUNEO
DOMODOSSOLA
FOSSANO
GARESSIO
GRAVELLONA TOCE
IVREA
LANZO TORINESE
MONCALIERI
MONCALVO
MONDOVÌ
NICHELINO
NIZZA MONFERRATO
NOVARA
NOVI LIGURE
OLEGGIO
OMEGNA
ORBASSANO
ORMEA
OVADA
PINEROLO
PIOSSASCO
RACCONIGI
RIVAROLO CANAVESE
SALUZZO
SAN MAURO TORINESE
SAN SALVATORE MONFERRATO
SANTENA
SAVIGLIANO
SETTIMO TORINESE
STRESA
SUSA
TORINO
TORTONA
TRECATE]
VENARIA REALE
VERBANIA
VERCELLI
VILLADOSSOLA
ALESSANO
ALTAMURA
ANDRIA
APRICENA
ASCOLI SATRIANO
BARI
BARLETTA
BITETTO
BITONTO
BRINDISI
CAMPI SALENTINA
CANOSA DI PUGLIA
CASARANO
CEGLIE MESSAPICA
CERIGNOLA
CONVERSANO
FASANO
FOGGIA
FRANCAVILLA FONTANA
GALATINA
GALATONE
GINOSA
GROTTAGLIE
GRUMO APPULA
LECCE
LATIANO
LUCERA
MAGLIE
MANFREDONIA
MASSAFRA
MARTINA FRANCA
MATINO
MELENDUGNO
MESAGNE
MIGGIANO
MODUGNO
MOLFETTA
MONOPOLI
MONTERONI DI LECCE
MURO LECCESE
NARDÒ
ORIA
OSTUNI
OTRANTO
POGGIARDO
RACALE
RODI GARGANICO
SAN MARCO IN LAMIS
SAN SEVERO
SANTA CESAREA TERME
SAN VITO DEI NORMANNI
SQUINZANO
TARANTO
TAURISANO
TAVIANO
TRANI
TRINITAPOLI
UGENTO
VERNOLE
ALGHERO
BOSA
CAGLIARI
CARBONIA
CASTELSARDO
IGLESIAS
ITTIRI
LANUSEI
MACOMER
NUORO
OLBIA
ORISTANO
OZIERI
QUARTU SANT'ELENA
SASSARI
SINISCOLA
SORSO
TEMPIO PAUSANIA
TORTOLÌ
ACIREALE
AGRIGENTO
BARCELLONA POZZO DI GOTTO
BIVONA
CALTAGIRONE
CALTANISSETTA
CANICATTÌ
CARINI
CASTELVETRANO
CATANIA
CEFALU
CEFALÙ
ENNA
ISPICA
LENTINI
MARSALA
MAZARA DEL VALLO
MESSINA
MILAZZO
MISTRETTA
MINEO
MODICA
MONREALE
NARO
PACHINO
PALERMO
PATERNÒ
PATTI
PIAZZA ARMERINA
PORTO EMPEDOCLE
RAGUSA
SAN CATALDO 
SAN CATALDO	CALTANISSETTA
SIRACUSA
SCIACCA
TAORMINA
TRAPANI
AREZZO
AULLA
BARGA
CAMAIORE
CARRARA
CASTELNUOVO DI GARFAGNANA
CHIUSI
COLLE DI VAL D'ELSA
CASTIGLION FIORENTINO
CORTONA
FIESOLE
FIRENZE
FIVIZZANO
FOLLONICA
GROSSETO
LIVORNO
LUCCA
MASSA 
MASSA E CARRARA	
MASSA MARITTIMA
MONTECATINI TERME
MONTE SAN SAVINO
MONTEVARCHI
MONTEPULCIANO
ORBETELLO
PESCIA
PIETRASANTA
PIOMBINO
PISA
PISTOIA
PONTEDERA
PONTREMOLI
PRATO
SANSEPOLCRO
SERAVEZZA
SIENA
VIAREGGIO
VILLAFRANCA IN LUNIGIANA
VOLTERRA
ARCO
BOLZANO
BRESSANONE
BRUNICO
KLAUSEN SUEDTIROL 
CHIUSA	
GLORENZA
LAIVES
LEVICO TERME
MERANO
PERGINE VALSUGANA
RIVA DEL GARDA
ROVERETO
TRENTO
VIPITENO
AMELIA 
ASSISI
CITTÀ DELLA PIEVE
FOLIGNO
GUALDO TADINO
GUBBIO
NARNI
ORVIETO
PERUGIA
TERNI
TODI
AOSTA
ADRIA
ALBIGNASEGO
ARZIGNANO
ASOLO
BADIA POLESINE
BASSANO DEL GRAPPA
BELLUNO
BOVOLONE
CAMPODARSEGO
CAMPOSAMPIERO
CASTELFRANCO VENETO
CEREA
CHIOGGIA
CITTADELLA 
COLOGNA VENETA
CONEGLIANO
ERACLEA
ESTE 
FELTRE
JESOLO
LENDINARA
LONIGO
MAROSTICA
MESTRE
MIRANO
MOGLIANO VENETO
MONTAGNANA
MONTEBELLUNA
MONTEGROTTO TERME
MOTTA DI LIVENZA
ODERZO
OPPEANO
PADOVA
PIOVE DI SACCO
PORTOGRUARO
PORTO VIRO
RONCADE
ROVIGO
SAN DONÀ DI PIAVE
SAN MARTINO DI LUPARI
SCHIO
TREVISO
VALDAGNO
VENEZIA
VERONA
VICENZA
VILLAFRANCA DI VERONA
VILLORBA
VITTORIO VENETO
CASSINO

BAGNO A RIPOLI      
BARBERINO DI MUGELLO
BARBERINO VAL D'ELSA
BORGO SAN LORENZO
CALENZANO
CAMPI BISENZIO
CAPRAIA E LIMITE
CASTELFIORENTINO
CERRETO GUIDI
CERTALDO
DICOMANO
EMPOLI
FIESOLE
FIGLINE VALDARNO
FIRENZE
FIRENZUOLA
FUCECCHIO     
GAMBASSI TERME      
GREVE IN CHIANTI
IMPRUNETA
INCISA IN VAL D'ARNO
LASTRA A SIGNA
LONDA
MARRADI
MONTAIONE
MONTELUPO FIORENTINO
MONTESPERTOLI
PALAZZUOLO SUL SENIO
PELAGO
PONTASSIEVE
REGGELLO
RIGNANO SULL'ARNO
RUFINA
SAN CASCIANO IN VAL DI PESA
SAN GODENZO
SAN PIERO A SIEVE
SCANDICCI
SCARPERIA
SESTO FIORENTINO
SIGNA
TAVARNELLE VAL DI PESA
VAGLIA
VICCHIO 
VINCI