IVA
Iva
iva
Partita Iva
Partita IVA
Partita iva
partita Iva
partita iva
partita IVA
PARTITA Iva
PARTITA iva
PARTITA IVA
P.Iva
P.IVA
P.iva
p.Iva
p.IVA
p.iva
Cod.Fis
COD.Fis
cod.Fis
Cod.FIS
COD.FIS
cod.FIS
Cod.fis
COD.fis
cod.fis
P.Iva.
P.IVA.
P.iva.
p.Iva.
p.IVA.
p.iva.
Cod.Fis.
COD.Fis.
cod.Fis.
Cod.FIS.
COD.FIS.
cod.FIS.
Cod.fis.
COD.fis.
cod.fis.
Codice Fiscale
CODICE FISCALE
codice fiscale
Codice Fis
Codice FIS
Codice fis
CODICE Fis
CODICE FIS
CODICE fis
codice Fis
codice FIS
codice fis
Codice Fis.
Codice FIS.
Codice fis.
CODICE Fis.
CODICE FIS.
CODICE fis.
codice Fis.
codice FIS.
codice fis.
p.IVA/Cod.Fis
p.IVA/Cod.fis
p.iva/cod.Fis
p.iva/Cod.fis
P.IVA/Cod.Fis
P.IVA/Cod.fis
P.iva/cod.Fis
P.iva/Cod.fis
p.IVA/Cod.Fis.
p.IVA/Cod.fis.
p.iva/cod.Fis.
p.iva/Cod.fis.
P.IVA/Cod.Fis.
P.IVA/Cod.fis.
P.iva/cod.Fis.
P.iva/Cod.fis.
Cod.Fis/p.IVA
Cod.fis/p.IVA
cod.Fis/p.iva
Cod.fis/p.iva
Cod.Fis/P.IVA
Cod.fis/P.IVA
cod.Fis/P.iva
Cod.fis/P.iva
Cod.Fis./p.IVA
Cod.fis./p.IVA
cod.Fis./p.iva
Cod.fis./p.iva
Cod.Fis./P.IVA
Cod.fis./P.IVA
cod.Fis./P.iva
Cod.fis./P.iva
c.f
c.f.
C.F.
C.F
Coordinate Bancarie
Coordinate bancarie
coordinate Bancarie
coordinate bancarie
Coord.Bancarie
Coord. Bancarie
coord.Bancarie
coord. bancarie
Coord.bancarie
Coord. bancarie
coord.bancarie
coord. bancarie
p.iva | cod.fiscale
P.iva | cod.fiscale
p.IVA | cod.fiscale
IVA | cod.fiscale
P.iva | Cod.fiscale
P.iva | Cod.fiscale
P.IVA | Cod.fiscale
IVA | Cod.fiscale
P.iva | Cod.Fiscale
P.iva | Cod.Fiscale
P.IVA | Cod.Fiscale
IVA | Cod.Fiscale
P.Iva | Cod.Fiscale
P.Iva | Cod.Fiscale
p.iva | Cod.Fiscale
p.iva | Cod.Fiscale
p.iva|cod.fiscale
P.iva|cod.fiscale
P.IVA|cod.fiscale
IVA|cod.fiscale
p.iva|Cod.fiscale
P.iva|Cod.fiscale
P.IVA|Cod.fiscale
IVA|Cod.fiscale
P.Iva|Cod.Fiscale
P.Iva|Cod.Fiscale
p.iva|Cod.Fiscale
p.iva|Cod.Fiscale
CF
c/c postale
C/C postale
c/c Postale
P.I.
p.i.
p.i
P.I
c.f./p.iva
C.f./P.iva
C.F./p.iva
c.f./P.IVA
C.F./P.IVA
p.iva/c.f.
P.iva/C.f.
p.iva/C.F.
P.IVA/c.f.
P.IVA/C.F.
IVA n°
Iva n°
iva n°
Partita Iva n°
Partita IVA n°
Partita iva n°
partita Iva n°
partita iva n°
partita IVA n°
PARTITA Iva n°
PARTITA iva n°
PARTITA IVA n°
P.Iva n°
P.IVA n°
P.iva n°
p.Iva n°
p.IVA n°
p.iva n°
Cod.Fis n°
COD.Fis n°
cod.Fis n°
Cod.FIS n°
COD.FIS n°
cod.FIS n°
Cod.fis n°
COD.fis n°
cod.fis n°
P.Iva. n°
P.IVA. n°
P.iva. n°
p.Iva. n°
p.IVA. n°
p.iva. n°
Cod.Fis. n°
COD.Fis. n°
cod.Fis. n°
Cod.FIS. n°
COD.FIS. n°
cod.FIS. n°
Cod.fis. n°
COD.fis. n°
cod.fis. n°
Codice Fiscale n°
CODICE FISCALE n°
codice fiscale n°
Codice Fis n°
Codice FIS n°
Codice fis n°
CODICE Fis n°
CODICE FIS n°
CODICE fis n°
codice Fis n°
codice FIS n°
codice fis n°
Codice Fis. n°
Codice FIS. n°
Codice fis. n°
CODICE Fis. n°
CODICE FIS. n°
CODICE fis. n°
codice Fis. n°
codice FIS. n°
codice fis. n°
p.IVA/Cod.Fis n°
p.IVA/Cod.fis n°
p.iva/cod.Fis n°
p.iva/Cod.fis n°
P.IVA/Cod.Fis n°
P.IVA/Cod.fis n°
P.iva/cod.Fis n°
P.iva/Cod.fis n°
p.IVA/Cod.Fis. n°
p.IVA/Cod.fis. n°
p.iva/cod.Fis. n°
p.iva/Cod.fis. n°
P.IVA/Cod.Fis. n°
P.IVA/Cod.fis. n°
P.iva/cod.Fis. n°
P.iva/Cod.fis. n°
Cod.Fis/p.IVA n°
Cod.fis/p.IVA n°
cod.Fis/p.iva n°
Cod.fis/p.iva n°
Cod.Fis/P.IVA n°
Cod.fis/P.IVA n°
cod.Fis/P.iva n°
Cod.fis/P.iva n°
Cod.Fis./p.IVA n°
Cod.fis./p.IVA n°
cod.Fis./p.iva n°
Cod.fis./p.iva n°
Cod.Fis./P.IVA n°
Cod.fis./P.IVA n°
cod.Fis./P.iva n°
Cod.fis./P.iva n°
c.f n°
c.f. n°
C.F. n°
C.F n°
Coordinate Bancarie n°
Coordinate bancarie n°
coordinate Bancarie n°
coordinate bancarie n°
Coord.Bancarie n°
Coord. Bancarie n°
coord.Bancarie n° 
coord. bancarie n°
Coord.bancarie n°
Coord. bancarie n°
coord.bancarie n°
coord. bancarie n°
p.iva | cod.fiscale n°
P.iva | cod.fiscale n°
p.IVA | cod.fiscale n°
IVA | cod.fiscale n°
P.iva | Cod.fiscale n°
P.iva | Cod.fiscale n°
P.IVA | Cod.fiscale n°
IVA | Cod.fiscale n°
P.iva | Cod.Fiscale n°
P.iva | Cod.Fiscale n°
P.IVA | Cod.Fiscale n°
IVA | Cod.Fiscale n°
P.Iva | Cod.Fiscale n°
P.Iva | Cod.Fiscale n°
p.iva | Cod.Fiscale n°
p.iva | Cod.Fiscale n°
p.iva|cod.fiscale n°
P.iva|cod.fiscale n°
P.IVA|cod.fiscale n°
IVA|cod.fiscale n°
p.iva|Cod.fiscale n°
P.iva|Cod.fiscale n°
P.IVA|Cod.fiscale n°
IVA|Cod.fiscale n°
P.Iva|Cod.Fiscale n°
P.Iva|Cod.Fiscale n°
p.iva|Cod.Fiscale n°
p.iva|Cod.Fiscale n°
CF n°
c/c postale n°
C/C postale n°
c/c Postale n°
P.I. n°
p.i. n°
p.i n°
P.I n°
c.f./p.iva n°
C.f./P.iva n°
C.F./p.iva n°
c.f./P.IVA n°
C.F./P.IVA n°
p.iva/c.f. n°
P.iva/C.f. n°
p.iva/C.F. n°
P.IVA/c.f. n°
P.IVA/C.F. n°