Abruzzo	
Basilicata	
Calabria	
Campania	
Emilia-Romagna	
Friuli-Venezia Giulia	
Lazio	
Liguria	
Lombardia	
Marche	
Molise	
Piemonte	
Puglia	
Sardegna	
Sicilia	
Toscana	
Trentino-Alto Adige	
Umbria	
Valle d'Aosta	
Veneto
﻿abruzzo	
basilicata	
calabria	
campania	
emilia-Romagna	
friuli-Venezia Giulia	
lazio	
liguria	
lombardia	
marche	
molise	
piemonte	
puglia	
sardegna	
sicilia	
toscana	
trentino-alto adige	
trentino alto adige	
umbria	
valle d'aosta	
veneto

﻿Abruzzo
Basilicata
Calabria
Campania
Emilia-Romagna
Friuli-Venezia Giulia
Lazio
Liguria
Lombardy
Brands
Molise
Piedmont
Puglia
Sardinia
Sicily
Tuscany
Trentino-Alto Adige
Umbria
Valle D'Aosta
Veneto
abruzzo
basilicata
calabria
campania
Emilia-Romagna
Friuli-Venezia Giulia
lazio
liguria
Lombardy
brands
molise
piedmont
puglia
Sardinia
sicily
Tuscan
Trentino-South Tyrol
Trentino Alto Adige
umbria
Valle d'Aosta
Venetian
