altrove
ci
codesto
costà
costì
dappertutto
davanti
dentro
di costà
di costì
di là
di lì
di qua
di qui
dietro
donde
dove
dovunque
fuori
giù
ivi
là
laggiù
lassù
lì
lontano
ne
oltre
ove
per di là
per di lì
per di qua
per di qui
presso
qua
quello
questo
qui
su
vi
vicino


Altrove
Ci
Codesto
Costà
Costì
Dappertutto
Davanti
Dentro
Di Costà
Di Costì
Di Là
Di Lì
Di Qua
Di Qui
Dietro
Donde
Dove
Dovunque
Fuori
Giù
Ivi
Là
Laggiù
Lassù
Lì
Lontano
Ne
Oltre
Ove
Per Di Là
Per Di Lì
Per Di Qua
Per Di Qui
Presso
Qua
Quello
Questo
Qui
Su
Vi
Vicino

ALTROVE
CI
CODESTO
COSTÀ
COSTÌ
DAPPERTUTTO
DAVANTI
DENTRO
DI COSTÀ
DI COSTÌ
DI LÀ
DI LÌ
DI QUA
DI QUI
DIETRO
DONDE
DOVE
DOVUNQUE
FUORI
GIÙ
IVI
LÀ
LAGGIÙ
LASSÙ
LÌ
LONTANO
NE
OLTRE
OVE
PER DI LÀ
PER DI LÌ
PER DI QUA
PER DI QUI
PRESSO
QUA
QUELLO
QUESTO
QUI
SU
VI
VICINO
poi
Poi
POI